# JRE version: Java(TM) SE Runtime Environment (8.0_111-b14) (build 1.8.0_111-b14)
# Java VM: Java HotSpot(TM) 64-Bit Server VM (25.111-b14 mixed mode linux-amd64 compressed oops)
Heap:
 PSYoungGen      total 559616K, used 76388K [0x00000000d5580000, 0x0000000100000000, 0x0000000100000000)
  eden space 458752K, 0% used [0x00000000d5580000,0x00000000d5580000,0x00000000f1580000)
  from space 100864K, 75% used [0x00000000f1580000,0x00000000f6019100,0x00000000f7800000)
  to   space 115200K, 0% used [0x00000000f8f80000,0x00000000f8f80000,0x0000000100000000)
 ParOldGen       total 350208K, used 349750K [0x0000000080000000, 0x0000000095600000, 0x00000000d5580000)
  object space 350208K, 99% used [0x0000000080000000,0x000000009558d978,0x0000000095600000)
 Metaspace       used 73602K, capacity 75548K, committed 75864K, reserved 1114112K
  class space    used 9796K, capacity 10265K, committed 10328K, reserved 1048576K
GC Heap History (10 events):
Event: 40,538 GC heap after
Heap after GC invocations=19 (full 4):
 PSYoungGen      total 350720K, used 13461K [0x00000000d5580000, 0x00000000f6a80000, 0x0000000100000000)
  eden space 271872K, 0% used [0x00000000d5580000,0x00000000d5580000,0x00000000e5f00000)
  from space 78848K, 17% used [0x00000000e5f00000,0x00000000e6c25718,0x00000000eac00000)
  to   space 78336K, 0% used [0x00000000f1e00000,0x00000000f1e00000,0x00000000f6a80000)
 ParOldGen       total 350208K, used 169764K [0x0000000080000000, 0x0000000095600000, 0x00000000d5580000)
  object space 350208K, 48% used [0x0000000080000000,0x000000008a5c93f0,0x0000000095600000)
 Metaspace       used 73423K, capacity 75356K, committed 75608K, reserved 1114112K
  class space    used 9795K, capacity 10265K, committed 10328K, reserved 1048576K
}
Event: 41,773 GC heap before
{Heap before GC invocations=20 (full 4):
 PSYoungGen      total 350720K, used 285333K [0x00000000d5580000, 0x00000000f6a80000, 0x0000000100000000)
  eden space 271872K, 100% used [0x00000000d5580000,0x00000000e5f00000,0x00000000e5f00000)
  from space 78848K, 17% used [0x00000000e5f00000,0x00000000e6c25718,0x00000000eac00000)
  to   space 78336K, 0% used [0x00000000f1e00000,0x00000000f1e00000,0x00000000f6a80000)
 ParOldGen       total 350208K, used 169764K [0x0000000080000000, 0x0000000095600000, 0x00000000d5580000)
  object space 350208K, 48% used [0x0000000080000000,0x000000008a5c93f0,0x0000000095600000)
 Metaspace       used 73484K, capacity 75420K, committed 75608K, reserved 1114112K
  class space    used 9795K, capacity 10265K, committed 10328K, reserved 1048576K
Event: 41,973 GC heap after
Heap after GC invocations=20 (full 4):
 PSYoungGen      total 439808K, used 46809K [0x00000000d5580000, 0x00000000f5e80000, 0x0000000100000000)
  eden space 373760K, 0% used [0x00000000d5580000,0x00000000d5580000,0x00000000ec280000)
  from space 66048K, 70% used [0x00000000f1e00000,0x00000000f4bb6500,0x00000000f5e80000)
  to   space 79872K, 0% used [0x00000000ec280000,0x00000000ec280000,0x00000000f1080000)
 ParOldGen       total 350208K, used 178038K [0x0000000080000000, 0x0000000095600000, 0x00000000d5580000)
  object space 350208K, 50% used [0x0000000080000000,0x000000008adddbc8,0x0000000095600000)
 Metaspace       used 73484K, capacity 75420K, committed 75608K, reserved 1114112K
  class space    used 9795K, capacity 10265K, committed 10328K, reserved 1048576K
}
Event: 43,636 GC heap before
{Heap before GC invocations=21 (full 4):
 PSYoungGen      total 439808K, used 420569K [0x00000000d5580000, 0x00000000f5e80000, 0x0000000100000000)
  eden space 373760K, 100% used [0x00000000d5580000,0x00000000ec280000,0x00000000ec280000)
  from space 66048K, 70% used [0x00000000f1e00000,0x00000000f4bb6500,0x00000000f5e80000)
  to   space 79872K, 0% used [0x00000000ec280000,0x00000000ec280000,0x00000000f1080000)
 ParOldGen       total 350208K, used 178038K [0x0000000080000000, 0x0000000095600000, 0x00000000d5580000)
  object space 350208K, 50% used [0x0000000080000000,0x000000008adddbc8,0x0000000095600000)
 Metaspace       used 73546K, capacity 75484K, committed 75864K, reserved 1114112K
  class space    used 9795K, capacity 10265K, committed 10328K, reserved 1048576K
Event: 43,865 GC heap after
Heap after GC invocations=21 (full 4):
 PSYoungGen      total 453632K, used 67722K [0x00000000d5580000, 0x00000000fce00000, 0x0000000100000000)
  eden space 373760K, 0% used [0x00000000d5580000,0x00000000d5580000,0x00000000ec280000)
  from space 79872K, 84% used [0x00000000ec280000,0x00000000f04a2930,0x00000000f1080000)
  to   space 88064K, 0% used [0x00000000f7800000,0x00000000f7800000,0x00000000fce00000)
 ParOldGen       total 350208K, used 218807K [0x0000000080000000, 0x0000000095600000, 0x00000000d5580000)
  object space 350208K, 62% used [0x0000000080000000,0x000000008d5addb8,0x0000000095600000)
 Metaspace       used 73546K, capacity 75484K, committed 75864K, reserved 1114112K
  class space    used 9795K, capacity 10265K, committed 10328K, reserved 1048576K
}
Event: 45,537 GC heap before
{Heap before GC invocations=22 (full 4):
 PSYoungGen      total 453632K, used 441482K [0x00000000d5580000, 0x00000000fce00000, 0x0000000100000000)
  eden space 373760K, 100% used [0x00000000d5580000,0x00000000ec280000,0x00000000ec280000)
  from space 79872K, 84% used [0x00000000ec280000,0x00000000f04a2930,0x00000000f1080000)
  to   space 88064K, 0% used [0x00000000f7800000,0x00000000f7800000,0x00000000fce00000)
 ParOldGen       total 350208K, used 218818K [0x0000000080000000, 0x0000000095600000, 0x00000000d5580000)
  object space 350208K, 62% used [0x0000000080000000,0x000000008d5b0a08,0x0000000095600000)
 Metaspace       used 73585K, capacity 75548K, committed 75864K, reserved 1114112K
  class space    used 9796K, capacity 10265K, committed 10328K, reserved 1048576K
Event: 45,916 GC heap after
Heap after GC invocations=22 (full 4):
 PSYoungGen      total 546816K, used 83482K [0x00000000d5580000, 0x00000000fef00000, 0x0000000100000000)
  eden space 458752K, 0% used [0x00000000d5580000,0x00000000d5580000,0x00000000f1580000)
  from space 88064K, 94% used [0x00000000f7800000,0x00000000fc9869f8,0x00000000fce00000)
  to   space 100864K, 0% used [0x00000000f1580000,0x00000000f1580000,0x00000000f7800000)
 ParOldGen       total 350208K, used 277295K [0x0000000080000000, 0x0000000095600000, 0x00000000d5580000)
  object space 350208K, 79% used [0x0000000080000000,0x0000000090ecbd48,0x0000000095600000)
 Metaspace       used 73585K, capacity 75548K, committed 75864K, reserved 1114112K
  class space    used 9796K, capacity 10265K, committed 10328K, reserved 1048576K
}
Event: 47,557 GC heap before
{Heap before GC invocations=23 (full 4):
 PSYoungGen      total 546816K, used 542234K [0x00000000d5580000, 0x00000000fef00000, 0x0000000100000000)
  eden space 458752K, 100% used [0x00000000d5580000,0x00000000f1580000,0x00000000f1580000)
  from space 88064K, 94% used [0x00000000f7800000,0x00000000fc9869f8,0x00000000fce00000)
  to   space 100864K, 0% used [0x00000000f1580000,0x00000000f1580000,0x00000000f7800000)
 ParOldGen       total 350208K, used 277296K [0x0000000080000000, 0x0000000095600000, 0x00000000d5580000)
  object space 350208K, 79% used [0x0000000080000000,0x0000000090ecc320,0x0000000095600000)
 Metaspace       used 73602K, capacity 75548K, committed 75864K, reserved 1114112K
  class space    used 9796K, capacity 10265K, committed 10328K, reserved 1048576K
Event: 47,998 GC heap after
Heap after GC invocations=23 (full 4):
 PSYoungGen      total 559616K, used 95470K [0x00000000d5580000, 0x0000000100000000, 0x0000000100000000)
  eden space 458752K, 0% used [0x00000000d5580000,0x00000000d5580000,0x00000000f1580000)
  from space 100864K, 94% used [0x00000000f1580000,0x00000000f72bb8b0,0x00000000f7800000)
  to   space 115200K, 0% used [0x00000000f8f80000,0x00000000f8f80000,0x0000000100000000)
 ParOldGen       total 350208K, used 349841K [0x0000000080000000, 0x0000000095600000, 0x00000000d5580000)
  object space 350208K, 99% used [0x0000000080000000,0x00000000955a4430,0x0000000095600000)
 Metaspace       used 73602K, capacity 75548K, committed 75864K, reserved 1114112K
  class space    used 9796K, capacity 10265K, committed 10328K, reserved 1048576K
}
Event: 47,999 GC heap before
{Heap before GC invocations=24 (full 5):
 PSYoungGen      total 559616K, used 95470K [0x00000000d5580000, 0x0000000100000000, 0x0000000100000000)
  eden space 458752K, 0% used [0x00000000d5580000,0x00000000d5580000,0x00000000f1580000)
  from space 100864K, 94% used [0x00000000f1580000,0x00000000f72bb8b0,0x00000000f7800000)
  to   space 115200K, 0% used [0x00000000f8f80000,0x00000000f8f80000,0x0000000100000000)
 ParOldGen       total 350208K, used 349841K [0x0000000080000000, 0x0000000095600000, 0x00000000d5580000)
  object space 350208K, 99% used [0x0000000080000000,0x00000000955a4430,0x0000000095600000)
 Metaspace       used 73602K, capacity 75548K, committed 75864K, reserved 1114112K
  class space    used 9796K, capacity 10265K, committed 10328K, reserved 1048576K

