# JRE version: Java(TM) SE Runtime Environment (8.0_111-b14) (build 1.8.0_111-b14)
# Java VM: Java HotSpot(TM) 64-Bit Server VM (25.111-b14 mixed mode linux-amd64 compressed oops)
Heap:
 PSYoungGen      total 524800K, used 14896K [0x00000000d5580000, 0x0000000100000000, 0x0000000100000000)
  eden space 431616K, 0% used [0x00000000d5580000,0x00000000d5580000,0x00000000efb00000)
  from space 93184K, 15% used [0x00000000efb00000,0x00000000f098c270,0x00000000f5600000)
  to   space 141312K, 0% used [0x00000000f7600000,0x00000000f7600000,0x0000000100000000)
 ParOldGen       total 474112K, used 473887K [0x0000000080000000, 0x000000009cf00000, 0x00000000d5580000)
  object space 474112K, 99% used [0x0000000080000000,0x000000009cec7c10,0x000000009cf00000)
 Metaspace       used 73417K, capacity 75310K, committed 75608K, reserved 1114112K
  class space    used 9783K, capacity 10232K, committed 10328K, reserved 1048576K
GC Heap History (10 events):
Event: 39,964 GC heap after
Heap after GC invocations=22 (full 4):
 PSYoungGen      total 508928K, used 88558K [0x00000000d5580000, 0x0000000100000000, 0x0000000100000000)
  eden space 420352K, 0% used [0x00000000d5580000,0x00000000d5580000,0x00000000ef000000)
  from space 88576K, 99% used [0x00000000f6600000,0x00000000fbc7bbf0,0x00000000fbc80000)
  to   space 120832K, 0% used [0x00000000ef000000,0x00000000ef000000,0x00000000f6600000)
 ParOldGen       total 271360K, used 194345K [0x0000000080000000, 0x0000000090900000, 0x00000000d5580000)
  object space 271360K, 71% used [0x0000000080000000,0x000000008bdca768,0x0000000090900000)
 Metaspace       used 73320K, capacity 75182K, committed 75608K, reserved 1114112K
  class space    used 9783K, capacity 10232K, committed 10328K, reserved 1048576K
}
Event: 41,623 GC heap before
{Heap before GC invocations=23 (full 4):
 PSYoungGen      total 508928K, used 508910K [0x00000000d5580000, 0x0000000100000000, 0x0000000100000000)
  eden space 420352K, 100% used [0x00000000d5580000,0x00000000ef000000,0x00000000ef000000)
  from space 88576K, 99% used [0x00000000f6600000,0x00000000fbc7bbf0,0x00000000fbc80000)
  to   space 120832K, 0% used [0x00000000ef000000,0x00000000ef000000,0x00000000f6600000)
 ParOldGen       total 271360K, used 194348K [0x0000000080000000, 0x0000000090900000, 0x00000000d5580000)
  object space 271360K, 71% used [0x0000000080000000,0x000000008bdcb038,0x0000000090900000)
 Metaspace       used 73392K, capacity 75246K, committed 75608K, reserved 1114112K
  class space    used 9783K, capacity 10232K, committed 10328K, reserved 1048576K
Event: 42,022 GC heap after
Heap after GC invocations=23 (full 4):
 PSYoungGen      total 541184K, used 83501K [0x00000000d5580000, 0x0000000100000000, 0x0000000100000000)
  eden space 420352K, 0% used [0x00000000d5580000,0x00000000d5580000,0x00000000ef000000)
  from space 120832K, 69% used [0x00000000ef000000,0x00000000f418b4b8,0x00000000f6600000)
  to   space 128000K, 0% used [0x00000000f8300000,0x00000000f8300000,0x0000000100000000)
 ParOldGen       total 282624K, used 282499K [0x0000000080000000, 0x0000000091400000, 0x00000000d5580000)
  object space 282624K, 99% used [0x0000000080000000,0x00000000913e0c38,0x0000000091400000)
 Metaspace       used 73392K, capacity 75246K, committed 75608K, reserved 1114112K
  class space    used 9783K, capacity 10232K, committed 10328K, reserved 1048576K
}
Event: 42,022 GC heap before
{Heap before GC invocations=24 (full 5):
 PSYoungGen      total 541184K, used 83501K [0x00000000d5580000, 0x0000000100000000, 0x0000000100000000)
  eden space 420352K, 0% used [0x00000000d5580000,0x00000000d5580000,0x00000000ef000000)
  from space 120832K, 69% used [0x00000000ef000000,0x00000000f418b4b8,0x00000000f6600000)
  to   space 128000K, 0% used [0x00000000f8300000,0x00000000f8300000,0x0000000100000000)
 ParOldGen       total 282624K, used 282499K [0x0000000080000000, 0x0000000091400000, 0x00000000d5580000)
  object space 282624K, 99% used [0x0000000080000000,0x00000000913e0c38,0x0000000091400000)
 Metaspace       used 73392K, capacity 75246K, committed 75608K, reserved 1114112K
  class space    used 9783K, capacity 10232K, committed 10328K, reserved 1048576K
Event: 44,307 GC heap after
Heap after GC invocations=24 (full 5):
 PSYoungGen      total 541184K, used 56331K [0x00000000d5580000, 0x0000000100000000, 0x0000000100000000)
  eden space 420352K, 0% used [0x00000000d5580000,0x00000000d5580000,0x00000000ef000000)
  from space 120832K, 46% used [0x00000000ef000000,0x00000000f2702ec0,0x00000000f6600000)
  to   space 128000K, 0% used [0x00000000f8300000,0x00000000f8300000,0x0000000100000000)
 ParOldGen       total 474112K, used 282475K [0x0000000080000000, 0x000000009cf00000, 0x00000000d5580000)
  object space 474112K, 59% used [0x0000000080000000,0x00000000913daf48,0x000000009cf00000)
 Metaspace       used 73392K, capacity 75246K, committed 75608K, reserved 1114112K
  class space    used 9783K, capacity 10232K, committed 10328K, reserved 1048576K
}
Event: 45,570 GC heap before
{Heap before GC invocations=25 (full 5):
 PSYoungGen      total 541184K, used 476683K [0x00000000d5580000, 0x0000000100000000, 0x0000000100000000)
  eden space 420352K, 100% used [0x00000000d5580000,0x00000000ef000000,0x00000000ef000000)
  from space 120832K, 46% used [0x00000000ef000000,0x00000000f2702ec0,0x00000000f6600000)
  to   space 128000K, 0% used [0x00000000f8300000,0x00000000f8300000,0x0000000100000000)
 ParOldGen       total 474112K, used 282475K [0x0000000080000000, 0x000000009cf00000, 0x00000000d5580000)
  object space 474112K, 59% used [0x0000000080000000,0x00000000913daf48,0x000000009cf00000)
 Metaspace       used 73407K, capacity 75310K, committed 75608K, reserved 1114112K
  class space    used 9783K, capacity 10232K, committed 10328K, reserved 1048576K
Event: 45,991 GC heap after
Heap after GC invocations=25 (full 5):
 PSYoungGen      total 559616K, used 84342K [0x00000000d5580000, 0x0000000100000000, 0x0000000100000000)
  eden space 431616K, 0% used [0x00000000d5580000,0x00000000d5580000,0x00000000efb00000)
  from space 128000K, 65% used [0x00000000f8300000,0x00000000fd55d8d0,0x0000000100000000)
  to   space 133632K, 0% used [0x00000000efb00000,0x00000000efb00000,0x00000000f7d80000)
 ParOldGen       total 474112K, used 330035K [0x0000000080000000, 0x000000009cf00000, 0x00000000d5580000)
  object space 474112K, 69% used [0x0000000080000000,0x000000009424cf88,0x000000009cf00000)
 Metaspace       used 73407K, capacity 75310K, committed 75608K, reserved 1114112K
  class space    used 9783K, capacity 10232K, committed 10328K, reserved 1048576K
}
Event: 47,003 GC heap before
{Heap before GC invocations=26 (full 5):
 PSYoungGen      total 559616K, used 515958K [0x00000000d5580000, 0x0000000100000000, 0x0000000100000000)
  eden space 431616K, 100% used [0x00000000d5580000,0x00000000efb00000,0x00000000efb00000)
  from space 128000K, 65% used [0x00000000f8300000,0x00000000fd55d8d0,0x0000000100000000)
  to   space 133632K, 0% used [0x00000000efb00000,0x00000000efb00000,0x00000000f7d80000)
 ParOldGen       total 474112K, used 330035K [0x0000000080000000, 0x000000009cf00000, 0x00000000d5580000)
  object space 474112K, 69% used [0x0000000080000000,0x000000009424cf88,0x000000009cf00000)
 Metaspace       used 73417K, capacity 75310K, committed 75608K, reserved 1114112K
  class space    used 9783K, capacity 10232K, committed 10328K, reserved 1048576K
Event: 49,494 GC heap after
Heap after GC invocations=26 (full 5):
 PSYoungGen      total 524800K, used 93154K [0x00000000d5580000, 0x0000000100000000, 0x0000000100000000)
  eden space 431616K, 0% used [0x00000000d5580000,0x00000000d5580000,0x00000000efb00000)
  from space 93184K, 99% used [0x00000000efb00000,0x00000000f55f8870,0x00000000f5600000)
  to   space 141312K, 0% used [0x00000000f7600000,0x00000000f7600000,0x0000000100000000)
 ParOldGen       total 474112K, used 405716K [0x0000000080000000, 0x000000009cf00000, 0x00000000d5580000)
  object space 474112K, 85% used [0x0000000080000000,0x0000000098c35008,0x000000009cf00000)
 Metaspace       used 73417K, capacity 75310K, committed 75608K, reserved 1114112K
  class space    used 9783K, capacity 10232K, committed 10328K, reserved 1048576K
}
Event: 49,517 GC heap before
{Heap before GC invocations=27 (full 6):
 PSYoungGen      total 524800K, used 93154K [0x00000000d5580000, 0x0000000100000000, 0x0000000100000000)
  eden space 431616K, 0% used [0x00000000d5580000,0x00000000d5580000,0x00000000efb00000)
  from space 93184K, 99% used [0x00000000efb00000,0x00000000f55f8870,0x00000000f5600000)
  to   space 141312K, 0% used [0x00000000f7600000,0x00000000f7600000,0x0000000100000000)
 ParOldGen       total 474112K, used 405716K [0x0000000080000000, 0x000000009cf00000, 0x00000000d5580000)
  object space 474112K, 85% used [0x0000000080000000,0x0000000098c35008,0x000000009cf00000)
 Metaspace       used 73417K, capacity 75310K, committed 75608K, reserved 1114112K
  class space    used 9783K, capacity 10232K, committed 10328K, reserved 1048576K

